<?xml version="1.0" encoding="UTF-8"?>
<!-- Generated by org.testng.reporters.JUnitReportReporter -->
<testsuite hostname="Gurlaptop305" failures="0" tests="3" name="com.qa.testcases.LoginPageTests" time="95.388" errors="0" timestamp="2021-08-26T09:25:19 IST" skipped="0">
  <testcase classname="com.qa.testcases.LoginPageTests" name="verifyPageTitleTest" time="22.274"/>
  <system-out/>
  <testcase classname="com.qa.testcases.LoginPageTests" name="verifyPageLogoTest" time="34.043"/>
  <system-out/>
  <testcase classname="com.qa.testcases.LoginPageTests" name="loginTest" time="39.071"/>
  <system-out/>
</testsuite> <!-- com.qa.testcases.LoginPageTests -->
