<?xml version="1.0" encoding="UTF-8"?>
<!-- Generated by org.testng.reporters.JUnitReportReporter -->
<testsuite hostname="Gurlaptop305" failures="0" tests="3" name="com.qa.testcases.LoginPageTests" time="106.615" errors="0" timestamp="2021-08-28T14:27:06 IST" skipped="0">
  <testcase classname="com.qa.testcases.LoginPageTests" name="verifyPageTitleTest" time="32.883"/>
  <system-out/>
  <testcase classname="com.qa.testcases.LoginPageTests" name="verifyPageLogoTest" time="35.380"/>
  <system-out/>
  <testcase classname="com.qa.testcases.LoginPageTests" name="loginTest" time="38.352"/>
  <system-out/>
</testsuite> <!-- com.qa.testcases.LoginPageTests -->
